{"/app/src/services/openaiService.js": {"path":"/app/src/services/openaiService.js","statementMap":{"0":{"start":{"line":1,"column":15},"end":{"line":1,"column":32}},"1":{"start":{"line":4,"column":2},"end":{"line":6,"column":3}},"2":{"start":{"line":5,"column":4},"end":{"line":5,"column":60}},"3":{"start":{"line":8,"column":17},"end":{"line":8,"column":67}},"4":{"start":{"line":10,"column":19},"end":{"line":18,"column":4}},"5":{"start":{"line":20,"column":2},"end":{"line":20,"column":45}},"6":{"start":{"line":23,"column":0},"end":{"line":23,"column":31}}},"fnMap":{"0":{"name":"askOpenAI","decl":{"start":{"line":3,"column":15},"end":{"line":3,"column":24}},"loc":{"start":{"line":3,"column":44},"end":{"line":21,"column":1}},"line":3}},"branchMap":{"0":{"loc":{"start":{"line":4,"column":2},"end":{"line":6,"column":3}},"type":"if","locations":[{"start":{"line":4,"column":2},"end":{"line":6,"column":3}},{"start":{},"end":{}}],"line":4},"1":{"loc":{"start":{"line":4,"column":6},"end":{"line":4,"column":27}},"type":"binary-expr","locations":[{"start":{"line":4,"column":6},"end":{"line":4,"column":14}},{"start":{"line":4,"column":18},"end":{"line":4,"column":27}}],"line":4}},"s":{"0":1,"1":6,"2":4,"3":2,"4":2,"5":2,"6":1},"f":{"0":6},"b":{"0":[4,2],"1":[6,4]},"_coverageSchema":"1a1c01bbd47fc00a2c39e90264f33305004495a9","hash":"121b66d54c6c571f14b4949eba1cfa19e00f7507"}
,"/app/src/services/pdfService.js": {"path":"/app/src/services/pdfService.js","statementMap":{"0":{"start":{"line":1,"column":11},"end":{"line":1,"column":33}},"1":{"start":{"line":2,"column":17},"end":{"line":2,"column":37}},"2":{"start":{"line":5,"column":17},"end":{"line":5,"column":44}},"3":{"start":{"line":6,"column":15},"end":{"line":6,"column":37}},"4":{"start":{"line":7,"column":2},"end":{"line":7,"column":19}},"5":{"start":{"line":10,"column":0},"end":{"line":10,"column":40}}},"fnMap":{"0":{"name":"extractTextFromPDF","decl":{"start":{"line":4,"column":15},"end":{"line":4,"column":33}},"loc":{"start":{"line":4,"column":44},"end":{"line":8,"column":1}},"line":4}},"branchMap":{},"s":{"0":1,"1":1,"2":4,"3":3,"4":2,"5":1},"f":{"0":4},"b":{},"_coverageSchema":"1a1c01bbd47fc00a2c39e90264f33305004495a9","hash":"c461da6962b5caf4a49c19242a1d9fcbfd72ccea"}
}
