{"/app/src/services/openaiService.js": {"path":"/app/src/services/openaiService.js","statementMap":{},"fnMap":{},"branchMap":{},"s":{},"f":{},"b":{},"_coverageSchema":"1a1c01bbd47fc00a2c39e90264f33305004495a9","hash":"60960ab0c60e0e6c916df8bf01a950f30a2c9aeb"}
,"/app/src/services/pdfService.js": {"path":"/app/src/services/pdfService.js","statementMap":{},"fnMap":{},"branchMap":{},"s":{},"f":{},"b":{},"_coverageSchema":"1a1c01bbd47fc00a2c39e90264f33305004495a9","hash":"10c4bf7f247d6368fb801402bfc7583d100ab610"}
}
