TN:
SF:src/middlewares/errorHandler.js
FN:1,resolveStatus
FN:8,errorHandler
FNF:2
FNH:2
FNDA:14,resolveStatus
FNDA:14,errorHandler
DA:2,14
DA:3,8
DA:4,6
DA:9,14
DA:10,14
DA:15,14
DA:16,13
DA:19,14
DA:22,10
LF:9
LH:9
BRDA:2,0,0,6
BRDA:2,0,1,8
BRDA:3,1,0,2
BRDA:3,1,1,6
BRDA:3,2,0,8
BRDA:3,2,1,7
BRDA:11,3,0,14
BRDA:11,3,1,0
BRDA:15,4,0,13
BRDA:15,4,1,1
BRF:10
BRH:9
end_of_record
TN:
SF:src/routes/chat.js
FN:10,(anonymous_0)
FN:33,(anonymous_1)
FNF:2
FNH:2
FNDA:6,(anonymous_0)
FNDA:5,(anonymous_1)
DA:1,9
DA:2,9
DA:3,9
DA:4,9
DA:6,9
DA:8,9
DA:10,9
DA:11,6
DA:12,6
DA:13,1
DA:14,1
DA:15,1
DA:18,5
DA:20,4
DA:21,1
DA:22,1
DA:23,1
DA:26,3
DA:27,3
DA:29,1
DA:33,9
DA:34,5
DA:35,5
DA:37,5
DA:38,2
DA:39,2
DA:40,2
DA:43,3
DA:44,1
DA:45,1
DA:46,1
DA:49,2
DA:50,1
DA:52,1
DA:56,9
LF:35
LH:35
BRDA:12,0,0,1
BRDA:12,0,1,5
BRDA:20,1,0,1
BRDA:20,1,1,3
BRDA:20,2,0,4
BRDA:20,2,1,4
BRDA:37,3,0,2
BRDA:37,3,1,3
BRDA:37,4,0,5
BRDA:37,4,1,4
BRDA:37,4,2,4
BRDA:43,5,0,1
BRDA:43,5,1,2
BRF:13
BRH:13
end_of_record
TN:
SF:src/services/openaiService.js
FN:3,askOpenAI
FNF:1
FNH:1
FNDA:6,askOpenAI
DA:1,2
DA:4,6
DA:5,4
DA:8,2
DA:10,2
DA:20,2
DA:23,2
LF:7
LH:7
BRDA:4,0,0,4
BRDA:4,0,1,2
BRDA:4,1,0,6
BRDA:4,1,1,4
BRF:4
BRH:4
end_of_record
TN:
SF:src/services/pdfService.js
FN:5,extractTextFromPDF
FNF:1
FNH:1
FNDA:6,extractTextFromPDF
DA:1,2
DA:2,2
DA:3,2
DA:6,6
DA:7,5
DA:8,4
DA:11,2
LF:7
LH:7
BRF:0
BRH:0
end_of_record
