TN:
SF:src/middlewares/errorHandler.js
FN:1,resolveStatus
FN:8,errorHandler
FNF:2
FNH:2
FNDA:14,resolveStatus
FNDA:14,errorHandler
DA:2,14
DA:3,8
DA:4,6
DA:9,14
DA:10,14
DA:15,14
DA:16,13
DA:19,14
DA:22,10
LF:9
LH:9
BRDA:2,0,0,6
BRDA:2,0,1,8
BRDA:3,1,0,2
BRDA:3,1,1,6
BRDA:3,2,0,8
BRDA:3,2,1,7
BRDA:11,3,0,14
BRDA:11,3,1,0
BRDA:15,4,0,13
BRDA:15,4,1,1
BRF:10
BRH:9
end_of_record
TN:
SF:src/routes/chat.js
FN:11,(anonymous_0)
FN:33,(anonymous_1)
FN:38,(anonymous_2)
FNF:3
FNH:3
FNDA:6,(anonymous_0)
FNDA:5,(anonymous_1)
FNDA:5,(anonymous_2)
DA:1,9
DA:2,9
DA:3,9
DA:4,9
DA:5,9
DA:7,9
DA:9,9
DA:11,9
DA:12,6
DA:13,6
DA:14,1
DA:15,1
DA:16,1
DA:19,5
DA:21,4
DA:22,1
DA:23,1
DA:24,1
DA:27,3
DA:28,3
DA:30,1
DA:32,6
DA:33,5
DA:38,9
DA:39,5
DA:40,5
DA:42,5
DA:43,2
DA:44,2
DA:45,2
DA:48,3
DA:49,1
DA:50,1
DA:51,1
DA:54,2
DA:55,1
DA:57,1
DA:61,9
LF:38
LH:38
BRDA:13,0,0,1
BRDA:13,0,1,5
BRDA:21,1,0,1
BRDA:21,1,1,3
BRDA:21,2,0,4
BRDA:21,2,1,4
BRDA:32,3,0,5
BRDA:32,3,1,1
BRDA:42,4,0,2
BRDA:42,4,1,3
BRDA:42,5,0,5
BRDA:42,5,1,4
BRDA:42,5,2,4
BRDA:48,6,0,1
BRDA:48,6,1,2
BRF:15
BRH:15
end_of_record
TN:
SF:src/services/openaiService.js
FN:3,askOpenAI
FNF:1
FNH:1
FNDA:6,askOpenAI
DA:1,2
DA:4,6
DA:5,4
DA:8,2
DA:10,2
DA:24,2
DA:27,2
LF:7
LH:7
BRDA:4,0,0,4
BRDA:4,0,1,2
BRDA:4,1,0,6
BRDA:4,1,1,4
BRF:4
BRH:4
end_of_record
TN:
SF:src/services/pdfService.js
FN:5,extractTextFromPDF
FNF:1
FNH:1
FNDA:6,extractTextFromPDF
DA:1,2
DA:2,2
DA:3,2
DA:6,6
DA:7,5
DA:8,4
DA:11,2
LF:7
LH:7
BRF:0
BRH:0
end_of_record
